app/build/intermediates/manifest_merge_blame_file/debug/processDebugMainManifest/manifest-merger-blame-debug-report.txt
1<?xml version="1.0" encoding="utf-8"?>
2<manifest xmlns:android="http://schemas.android.com/apk/res/android"
3    package="com.example.safetyapp"
4    android:versionCode="1"
5    android:versionName="1.0" >
6
7    <uses-sdk
8        android:minSdkVersion="29"
9        android:targetSdkVersion="35" />
10
11    <uses-feature
11-->src\main\AndroidManifest.xml:5:5-88
12        android:name="android.hardware.telephony"
12-->src\main\AndroidManifest.xml:5:19-60
13        android:required="false" />
13-->src\main\AndroidManifest.xml:5:61-85
14
15    <uses-permission android:name="android.permission.FOREGROUND_SERVICE_LOCATION" />
15-->src\main\AndroidManifest.xml:7:5-86
15-->src\main\AndroidManifest.xml:7:22-83
16    <uses-permission android:name="android.permission.FOREGROUND_SERVICE_MICROPHONE" />
16-->src\main\AndroidManifest.xml:8:5-88
16-->src\main\AndroidManifest.xml:8:22-85
17    <uses-permission android:name="android.permission.CALL_PHONE" />
17-->src\main\AndroidManifest.xml:9:5-69
17-->src\main\AndroidManifest.xml:9:22-66
18    <uses-permission android:name="android.permission.USE_FULL_SCREEN_INTENT" />
18-->src\main\AndroidManifest.xml:10:5-80
18-->src\main\AndroidManifest.xml:10:22-78
19    <uses-permission android:name="android.permission.ACCESS_FINE_LOCATION" />
19-->src\main\AndroidManifest.xml:11:5-78
19-->src\main\AndroidManifest.xml:11:22-76
20    <uses-permission android:name="android.permission.ACCESS_COARSE_LOCATION" />
20-->src\main\AndroidManifest.xml:12:5-80
20-->src\main\AndroidManifest.xml:12:22-78
21    <uses-permission android:name="android.permission.ACCESS_BACKGROUND_LOCATION" />
21-->src\main\AndroidManifest.xml:13:5-85
21-->src\main\AndroidManifest.xml:13:22-82
22    <uses-permission android:name="android.permission.INTERNET" />
22-->src\main\AndroidManifest.xml:14:5-66
22-->src\main\AndroidManifest.xml:14:22-64
23    <uses-permission android:name="android.permission.POST_NOTIFICATIONS" />
23-->src\main\AndroidManifest.xml:15:5-77
23-->src\main\AndroidManifest.xml:15:22-74
24    <uses-permission android:name="android.permission.SEND_SMS" />
24-->src\main\AndroidManifest.xml:16:5-67
24-->src\main\AndroidManifest.xml:16:22-64
25    <uses-permission android:name="android.permission.RECEIVE_BOOT_COMPLETED" />
25-->src\main\AndroidManifest.xml:17:5-80
25-->src\main\AndroidManifest.xml:17:22-78
26    <uses-permission android:name="android.permission.FOREGROUND_SERVICE" />
26-->src\main\AndroidManifest.xml:18:5-76
26-->src\main\AndroidManifest.xml:18:22-74
27    <uses-permission android:name="android.permission.VIBRATE" />
27-->src\main\AndroidManifest.xml:19:5-65
27-->src\main\AndroidManifest.xml:19:22-63
28    <uses-permission android:name="android.permission.WAKE_LOCK" />
28-->src\main\AndroidManifest.xml:20:5-67
28-->src\main\AndroidManifest.xml:20:22-65
29    <uses-permission android:name="android.permission.RECORD_AUDIO" />
29-->src\main\AndroidManifest.xml:21:5-70
29-->src\main\AndroidManifest.xml:21:22-68
30    <uses-permission android:name="android.permission.DISABLE_KEYGUARD" />
30-->src\main\AndroidManifest.xml:22:5-74
30-->src\main\AndroidManifest.xml:22:22-72
31    <uses-permission android:name="android.permission.SYSTEM_ALERT_WINDOW" />
31-->src\main\AndroidManifest.xml:23:5-77
31-->src\main\AndroidManifest.xml:23:22-75
32    <uses-permission android:name="android.permission.ACCESS_WIFI_STATE" /> <!-- Include required permissions for Google Maps API to run. -->
32-->[com.google.android.libraries.places:places:2.5.0] AndroidManifest.xml:10:5-76
32-->[com.google.android.libraries.places:places:2.5.0] AndroidManifest.xml:10:22-73
33    <uses-permission android:name="android.permission.ACCESS_NETWORK_STATE" />
33-->[com.google.android.gms:play-services-maps:17.0.0] AndroidManifest.xml:23:5-79
33-->[com.google.android.gms:play-services-maps:17.0.0] AndroidManifest.xml:23:22-76
34
35    <uses-feature
35-->[com.google.android.gms:play-services-maps:17.0.0] AndroidManifest.xml:26:5-28:35
36        android:glEsVersion="0x00020000"
36-->[com.google.android.gms:play-services-maps:17.0.0] AndroidManifest.xml:27:9-41
37        android:required="true" />
37-->[com.google.android.gms:play-services-maps:17.0.0] AndroidManifest.xml:28:9-32
38
39    <uses-permission android:name="com.google.android.providers.gsf.permission.READ_GSERVICES" />
39-->[com.google.android.recaptcha:recaptcha:18.4.0] AndroidManifest.xml:9:5-98
39-->[com.google.android.recaptcha:recaptcha:18.4.0] AndroidManifest.xml:9:22-95
40
41    <permission
41-->[androidx.core:core:1.13.0] AndroidManifest.xml:22:5-24:47
42        android:name="com.example.safetyapp.DYNAMIC_RECEIVER_NOT_EXPORTED_PERMISSION"
42-->[androidx.core:core:1.13.0] AndroidManifest.xml:23:9-81
43        android:protectionLevel="signature" />
43-->[androidx.core:core:1.13.0] AndroidManifest.xml:24:9-44
44
45    <uses-permission android:name="com.example.safetyapp.DYNAMIC_RECEIVER_NOT_EXPORTED_PERMISSION" />
45-->[androidx.core:core:1.13.0] AndroidManifest.xml:26:5-97
45-->[androidx.core:core:1.13.0] AndroidManifest.xml:26:22-94
46
47    <application
47-->src\main\AndroidManifest.xml:25:5-73:19
48        android:allowBackup="true"
48-->src\main\AndroidManifest.xml:26:9-35
49        android:appComponentFactory="androidx.core.app.CoreComponentFactory"
49-->[androidx.core:core:1.13.0] AndroidManifest.xml:28:18-86
50        android:dataExtractionRules="@xml/data_extraction_rules"
50-->src\main\AndroidManifest.xml:27:9-65
51        android:debuggable="true"
52        android:extractNativeLibs="false"
53        android:fullBackupContent="@xml/backup_rules"
53-->src\main\AndroidManifest.xml:28:9-54
54        android:icon="@mipmap/ic_launcher"
54-->src\main\AndroidManifest.xml:29:9-43
55        android:label="@string/app_name"
55-->src\main\AndroidManifest.xml:30:9-41
56        android:roundIcon="@mipmap/ic_launcher_round"
56-->src\main\AndroidManifest.xml:31:9-54
57        android:supportsRtl="true"
57-->src\main\AndroidManifest.xml:32:9-35
58        android:theme="@style/Theme.Safetyapp" >
58-->src\main\AndroidManifest.xml:33:9-47
59        <activity android:name="com.example.safetyapp.HomeActivity" />
59-->src\main\AndroidManifest.xml:36:9-50
59-->src\main\AndroidManifest.xml:36:19-47
60        <activity android:name="com.example.safetyapp.LoginActivity" />
60-->src\main\AndroidManifest.xml:37:9-51
60-->src\main\AndroidManifest.xml:37:19-48
61        <activity android:name="com.example.safetyapp.MainActivity" />
61-->src\main\AndroidManifest.xml:38:9-50
61-->src\main\AndroidManifest.xml:38:19-47
62        <activity
62-->src\main\AndroidManifest.xml:40:9-46:20
63            android:name="com.example.safetyapp.RegisterActivity"
63-->src\main\AndroidManifest.xml:40:19-51
64            android:exported="true" >
64-->src\main\AndroidManifest.xml:41:13-36
65            <intent-filter>
65-->src\main\AndroidManifest.xml:42:13-45:29
66                <action android:name="android.intent.action.MAIN" />
66-->src\main\AndroidManifest.xml:43:17-68
66-->src\main\AndroidManifest.xml:43:25-66
67
68                <category android:name="android.intent.category.LAUNCHER" />
68-->src\main\AndroidManifest.xml:44:17-76
68-->src\main\AndroidManifest.xml:44:27-74
69            </intent-filter>
70        </activity>
71        <activity android:name="com.example.safetyapp.ProfileViewActivity" />
71-->src\main\AndroidManifest.xml:48:9-57
71-->src\main\AndroidManifest.xml:48:19-54
72
73        <!--
74            ✅ EmergencyCallActivity:
75            - NO custom theme (avoids crash with plain Activity)
76            - showOnLockScreen + turnScreenOn = works on locked screen
77            - excludeFromRecents = won't appear in recent apps
78            - launchMode singleInstance = only one instance ever runs
79        -->
80        <activity
80-->src\main\AndroidManifest.xml:57:9-65:40
81            android:name="com.example.safetyapp.EmergencyCallActivity"
81-->src\main\AndroidManifest.xml:58:13-50
82            android:excludeFromRecents="true"
82-->src\main\AndroidManifest.xml:62:13-46
83            android:exported="false"
83-->src\main\AndroidManifest.xml:59:13-37
84            android:launchMode="singleInstance"
84-->src\main\AndroidManifest.xml:63:13-48
85            android:noHistory="true"
85-->src\main\AndroidManifest.xml:65:13-37
86            android:showOnLockScreen="true"
86-->src\main\AndroidManifest.xml:60:13-44
87            android:taskAffinity=""
87-->src\main\AndroidManifest.xml:64:13-36
88            android:turnScreenOn="true" />
88-->src\main\AndroidManifest.xml:61:13-40
89
90        <service
90-->src\main\AndroidManifest.xml:67:9-71:58
91            android:name="com.example.safetyapp.ShakeDetectionService"
91-->src\main\AndroidManifest.xml:68:13-50
92            android:exported="false"
92-->src\main\AndroidManifest.xml:69:13-37
93            android:foregroundServiceType="location|microphone" />
93-->src\main\AndroidManifest.xml:70:13-64
94
95        <activity
95-->[com.google.android.libraries.places:places:2.5.0] AndroidManifest.xml:14:9-20:20
96            android:name="com.google.android.libraries.places.widget.AutocompleteActivity"
96-->[com.google.android.libraries.places:places:2.5.0] AndroidManifest.xml:15:13-91
97            android:exported="false"
97-->[com.google.android.libraries.places:places:2.5.0] AndroidManifest.xml:16:13-37
98            android:label="@string/places_autocomplete_label"
98-->[com.google.android.libraries.places:places:2.5.0] AndroidManifest.xml:17:13-62
99            android:theme="@style/PlacesAutocompleteOverlay"
99-->[com.google.android.libraries.places:places:2.5.0] AndroidManifest.xml:18:13-61
100            android:windowSoftInputMode="adjustResize" >
100-->[com.google.android.libraries.places:places:2.5.0] AndroidManifest.xml:19:13-55
101        </activity> <!-- Needs to be explicitly declared on P+ -->
102        <uses-library
102-->[com.google.android.gms:play-services-maps:17.0.0] AndroidManifest.xml:33:9-35:40
103            android:name="org.apache.http.legacy"
103-->[com.google.android.gms:play-services-maps:17.0.0] AndroidManifest.xml:34:13-50
104            android:required="false" />
104-->[com.google.android.gms:play-services-maps:17.0.0] AndroidManifest.xml:35:13-37
105
106        <activity
106-->[com.google.firebase:firebase-auth:22.3.1] AndroidManifest.xml:29:9-46:20
107            android:name="com.google.firebase.auth.internal.GenericIdpActivity"
107-->[com.google.firebase:firebase-auth:22.3.1] AndroidManifest.xml:30:13-80
108            android:excludeFromRecents="true"
108-->[com.google.firebase:firebase-auth:22.3.1] AndroidManifest.xml:31:13-46
109            android:exported="true"
109-->[com.google.firebase:firebase-auth:22.3.1] AndroidManifest.xml:32:13-36
110            android:launchMode="singleTask"
110-->[com.google.firebase:firebase-auth:22.3.1] AndroidManifest.xml:33:13-44
111            android:theme="@android:style/Theme.Translucent.NoTitleBar" >
111-->[com.google.firebase:firebase-auth:22.3.1] AndroidManifest.xml:34:13-72
112            <intent-filter>
112-->[com.google.firebase:firebase-auth:22.3.1] AndroidManifest.xml:35:13-45:29
113                <action android:name="android.intent.action.VIEW" />
113-->[com.google.firebase:firebase-auth:22.3.1] AndroidManifest.xml:36:17-69
113-->[com.google.firebase:firebase-auth:22.3.1] AndroidManifest.xml:36:25-66
114
115                <category android:name="android.intent.category.DEFAULT" />
115-->[com.google.firebase:firebase-auth:22.3.1] AndroidManifest.xml:38:17-76
115-->[com.google.firebase:firebase-auth:22.3.1] AndroidManifest.xml:38:27-73
116                <category android:name="android.intent.category.BROWSABLE" />
116-->[com.google.firebase:firebase-auth:22.3.1] AndroidManifest.xml:39:17-78
116-->[com.google.firebase:firebase-auth:22.3.1] AndroidManifest.xml:39:27-75
117
118                <data
118-->[com.google.firebase:firebase-auth:22.3.1] AndroidManifest.xml:41:17-44:51
119                    android:host="firebase.auth"
119-->[com.google.firebase:firebase-auth:22.3.1] AndroidManifest.xml:42:21-49
120                    android:path="/"
120-->[com.google.firebase:firebase-auth:22.3.1] AndroidManifest.xml:43:21-37
121                    android:scheme="genericidp" />
121-->[com.google.firebase:firebase-auth:22.3.1] AndroidManifest.xml:44:21-48
122            </intent-filter>
123        </activity>
124        <activity
124-->[com.google.firebase:firebase-auth:22.3.1] AndroidManifest.xml:47:9-64:20
125            android:name="com.google.firebase.auth.internal.RecaptchaActivity"
125-->[com.google.firebase:firebase-auth:22.3.1] AndroidManifest.xml:48:13-79
126            android:excludeFromRecents="true"
126-->[com.google.firebase:firebase-auth:22.3.1] AndroidManifest.xml:49:13-46
127            android:exported="true"
127-->[com.google.firebase:firebase-auth:22.3.1] AndroidManifest.xml:50:13-36
128            android:launchMode="singleTask"
128-->[com.google.firebase:firebase-auth:22.3.1] AndroidManifest.xml:51:13-44
129            android:theme="@android:style/Theme.Translucent.NoTitleBar" >
129-->[com.google.firebase:firebase-auth:22.3.1] AndroidManifest.xml:52:13-72
130            <intent-filter>
130-->[com.google.firebase:firebase-auth:22.3.1] AndroidManifest.xml:53:13-63:29
131                <action android:name="android.intent.action.VIEW" />
131-->[com.google.firebase:firebase-auth:22.3.1] AndroidManifest.xml:36:17-69
131-->[com.google.firebase:firebase-auth:22.3.1] AndroidManifest.xml:36:25-66
132
133                <category android:name="android.intent.category.DEFAULT" />
133-->[com.google.firebase:firebase-auth:22.3.1] AndroidManifest.xml:38:17-76
133-->[com.google.firebase:firebase-auth:22.3.1] AndroidManifest.xml:38:27-73
134                <category android:name="android.intent.category.BROWSABLE" />
134-->[com.google.firebase:firebase-auth:22.3.1] AndroidManifest.xml:39:17-78
134-->[com.google.firebase:firebase-auth:22.3.1] AndroidManifest.xml:39:27-75
135
136                <data
136-->[com.google.firebase:firebase-auth:22.3.1] AndroidManifest.xml:41:17-44:51
137                    android:host="firebase.auth"
137-->[com.google.firebase:firebase-auth:22.3.1] AndroidManifest.xml:42:21-49
138                    android:path="/"
138-->[com.google.firebase:firebase-auth:22.3.1] AndroidManifest.xml:43:21-37
139                    android:scheme="recaptcha" />
139-->[com.google.firebase:firebase-auth:22.3.1] AndroidManifest.xml:44:21-48
140            </intent-filter>
141        </activity>
142
143        <service
143-->[com.google.firebase:firebase-auth:22.3.1] AndroidManifest.xml:66:9-72:19
144            android:name="com.google.firebase.components.ComponentDiscoveryService"
144-->[com.google.firebase:firebase-auth:22.3.1] AndroidManifest.xml:67:13-84
145            android:directBootAware="true"
145-->[com.google.firebase:firebase-common:20.4.2] AndroidManifest.xml:32:13-43
146            android:exported="false" >
146-->[com.google.firebase:firebase-auth:22.3.1] AndroidManifest.xml:68:13-37
147            <meta-data
147-->[com.google.firebase:firebase-auth:22.3.1] AndroidManifest.xml:69:13-71:85
148                android:name="com.google.firebase.components:com.google.firebase.auth.FirebaseAuthRegistrar"
148-->[com.google.firebase:firebase-auth:22.3.1] AndroidManifest.xml:70:17-109
149                android:value="com.google.firebase.components.ComponentRegistrar" />
149-->[com.google.firebase:firebase-auth:22.3.1] AndroidManifest.xml:71:17-82
150            <meta-data
150-->[com.google.firebase:firebase-firestore:24.9.0] AndroidManifest.xml:17:13-19:85
151                android:name="com.google.firebase.components:com.google.firebase.firestore.FirebaseFirestoreKtxRegistrar"
151-->[com.google.firebase:firebase-firestore:24.9.0] AndroidManifest.xml:18:17-122
152                android:value="com.google.firebase.components.ComponentRegistrar" />
152-->[com.google.firebase:firebase-firestore:24.9.0] AndroidManifest.xml:19:17-82
153            <meta-data
153-->[com.google.firebase:firebase-firestore:24.9.0] AndroidManifest.xml:20:13-22:85
154                android:name="com.google.firebase.components:com.google.firebase.firestore.FirestoreRegistrar"
154-->[com.google.firebase:firebase-firestore:24.9.0] AndroidManifest.xml:21:17-111
155                android:value="com.google.firebase.components.ComponentRegistrar" />
155-->[com.google.firebase:firebase-firestore:24.9.0] AndroidManifest.xml:22:17-82
156            <meta-data
156-->[com.google.firebase:firebase-common-ktx:20.4.2] AndroidManifest.xml:12:13-14:85
157                android:name="com.google.firebase.components:com.google.firebase.ktx.FirebaseCommonLegacyRegistrar"
157-->[com.google.firebase:firebase-common-ktx:20.4.2] AndroidManifest.xml:13:17-116
158                android:value="com.google.firebase.components.ComponentRegistrar" />
158-->[com.google.firebase:firebase-common-ktx:20.4.2] AndroidManifest.xml:14:17-82
159            <meta-data
159-->[com.google.firebase:firebase-common:20.4.2] AndroidManifest.xml:35:13-37:85
160                android:name="com.google.firebase.components:com.google.firebase.FirebaseCommonKtxRegistrar"
160-->[com.google.firebase:firebase-common:20.4.2] AndroidManifest.xml:36:17-109
161                android:value="com.google.firebase.components.ComponentRegistrar" />
161-->[com.google.firebase:firebase-common:20.4.2] AndroidManifest.xml:37:17-82
162        </service>
163
164        <provider
164-->[com.google.firebase:firebase-common:20.4.2] AndroidManifest.xml:23:9-28:39
165            android:name="com.google.firebase.provider.FirebaseInitProvider"
165-->[com.google.firebase:firebase-common:20.4.2] AndroidManifest.xml:24:13-77
166            android:authorities="com.example.safetyapp.firebaseinitprovider"
166-->[com.google.firebase:firebase-common:20.4.2] AndroidManifest.xml:25:13-72
167            android:directBootAware="true"
167-->[com.google.firebase:firebase-common:20.4.2] AndroidManifest.xml:26:13-43
168            android:exported="false"
168-->[com.google.firebase:firebase-common:20.4.2] AndroidManifest.xml:27:13-37
169            android:initOrder="100" />
169-->[com.google.firebase:firebase-common:20.4.2] AndroidManifest.xml:28:13-36
170
171        <activity
171-->[com.google.android.gms:play-services-base:18.0.1] AndroidManifest.xml:20:9-22:45
172            android:name="com.google.android.gms.common.api.GoogleApiActivity"
172-->[com.google.android.gms:play-services-base:18.0.1] AndroidManifest.xml:20:19-85
173            android:exported="false"
173-->[com.google.android.gms:play-services-base:18.0.1] AndroidManifest.xml:22:19-43
174            android:theme="@android:style/Theme.Translucent.NoTitleBar" />
174-->[com.google.android.gms:play-services-base:18.0.1] AndroidManifest.xml:21:19-78
175
176        <provider
176-->[androidx.emoji2:emoji2:1.3.0] AndroidManifest.xml:24:9-32:20
177            android:name="androidx.startup.InitializationProvider"
177-->[androidx.emoji2:emoji2:1.3.0] AndroidManifest.xml:25:13-67
178            android:authorities="com.example.safetyapp.androidx-startup"
178-->[androidx.emoji2:emoji2:1.3.0] AndroidManifest.xml:26:13-68
179            android:exported="false" >
179-->[androidx.emoji2:emoji2:1.3.0] AndroidManifest.xml:27:13-37
180            <meta-data
180-->[androidx.emoji2:emoji2:1.3.0] AndroidManifest.xml:29:13-31:52
181                android:name="androidx.emoji2.text.EmojiCompatInitializer"
181-->[androidx.emoji2:emoji2:1.3.0] AndroidManifest.xml:30:17-75
182                android:value="androidx.startup" />
182-->[androidx.emoji2:emoji2:1.3.0] AndroidManifest.xml:31:17-49
183            <meta-data
183-->[androidx.lifecycle:lifecycle-process:2.6.2] AndroidManifest.xml:29:13-31:52
184                android:name="androidx.lifecycle.ProcessLifecycleInitializer"
184-->[androidx.lifecycle:lifecycle-process:2.6.2] AndroidManifest.xml:30:17-78
185                android:value="androidx.startup" />
185-->[androidx.lifecycle:lifecycle-process:2.6.2] AndroidManifest.xml:31:17-49
186            <meta-data
186-->[androidx.profileinstaller:profileinstaller:1.4.0] AndroidManifest.xml:29:13-31:52
187                android:name="androidx.profileinstaller.ProfileInstallerInitializer"
187-->[androidx.profileinstaller:profileinstaller:1.4.0] AndroidManifest.xml:30:17-85
188                android:value="androidx.startup" />
188-->[androidx.profileinstaller:profileinstaller:1.4.0] AndroidManifest.xml:31:17-49
189        </provider>
190
191        <meta-data
191-->[com.google.android.gms:play-services-basement:18.1.0] AndroidManifest.xml:21:9-23:69
192            android:name="com.google.android.gms.version"
192-->[com.google.android.gms:play-services-basement:18.1.0] AndroidManifest.xml:22:13-58
193            android:value="@integer/google_play_services_version" />
193-->[com.google.android.gms:play-services-basement:18.1.0] AndroidManifest.xml:23:13-66
194
195        <provider
195-->[com.squareup.picasso:picasso:2.71828] AndroidManifest.xml:8:9-11:40
196            android:name="com.squareup.picasso.PicassoProvider"
196-->[com.squareup.picasso:picasso:2.71828] AndroidManifest.xml:9:13-64
197            android:authorities="com.example.safetyapp.com.squareup.picasso"
197-->[com.squareup.picasso:picasso:2.71828] AndroidManifest.xml:10:13-72
198            android:exported="false" />
198-->[com.squareup.picasso:picasso:2.71828] AndroidManifest.xml:11:13-37
199
200        <receiver
200-->[androidx.profileinstaller:profileinstaller:1.4.0] AndroidManifest.xml:34:9-52:20
201            android:name="androidx.profileinstaller.ProfileInstallReceiver"
201-->[androidx.profileinstaller:profileinstaller:1.4.0] AndroidManifest.xml:35:13-76
202            android:directBootAware="false"
202-->[androidx.profileinstaller:profileinstaller:1.4.0] AndroidManifest.xml:36:13-44
203            android:enabled="true"
203-->[androidx.profileinstaller:profileinstaller:1.4.0] AndroidManifest.xml:37:13-35
204            android:exported="true"
204-->[androidx.profileinstaller:profileinstaller:1.4.0] AndroidManifest.xml:38:13-36
205            android:permission="android.permission.DUMP" >
205-->[androidx.profileinstaller:profileinstaller:1.4.0] AndroidManifest.xml:39:13-57
206            <intent-filter>
206-->[androidx.profileinstaller:profileinstaller:1.4.0] AndroidManifest.xml:40:13-42:29
207                <action android:name="androidx.profileinstaller.action.INSTALL_PROFILE" />
207-->[androidx.profileinstaller:profileinstaller:1.4.0] AndroidManifest.xml:41:17-91
207-->[androidx.profileinstaller:profileinstaller:1.4.0] AndroidManifest.xml:41:25-88
208            </intent-filter>
209            <intent-filter>
209-->[androidx.profileinstaller:profileinstaller:1.4.0] AndroidManifest.xml:43:13-45:29
210                <action android:name="androidx.profileinstaller.action.SKIP_FILE" />
210-->[androidx.profileinstaller:profileinstaller:1.4.0] AndroidManifest.xml:44:17-85
210-->[androidx.profileinstaller:profileinstaller:1.4.0] AndroidManifest.xml:44:25-82
211            </intent-filter>
212            <intent-filter>
212-->[androidx.profileinstaller:profileinstaller:1.4.0] AndroidManifest.xml:46:13-48:29
213                <action android:name="androidx.profileinstaller.action.SAVE_PROFILE" />
213-->[androidx.profileinstaller:profileinstaller:1.4.0] AndroidManifest.xml:47:17-88
213-->[androidx.profileinstaller:profileinstaller:1.4.0] AndroidManifest.xml:47:25-85
214            </intent-filter>
215            <intent-filter>
215-->[androidx.profileinstaller:profileinstaller:1.4.0] AndroidManifest.xml:49:13-51:29
216                <action android:name="androidx.profileinstaller.action.BENCHMARK_OPERATION" />
216-->[androidx.profileinstaller:profileinstaller:1.4.0] AndroidManifest.xml:50:17-95
216-->[androidx.profileinstaller:profileinstaller:1.4.0] AndroidManifest.xml:50:25-92
217            </intent-filter>
218        </receiver>
219
220        <service
220-->[com.google.android.datatransport:transport-backend-cct:2.3.0] AndroidManifest.xml:29:9-35:19
221            android:name="com.google.android.datatransport.runtime.backends.TransportBackendDiscovery"
221-->[com.google.android.datatransport:transport-backend-cct:2.3.0] AndroidManifest.xml:30:13-103
222            android:exported="false" >
222-->[com.google.android.datatransport:transport-backend-cct:2.3.0] AndroidManifest.xml:31:13-37
223            <meta-data
223-->[com.google.android.datatransport:transport-backend-cct:2.3.0] AndroidManifest.xml:32:13-34:39
224                android:name="backend:com.google.android.datatransport.cct.CctBackendFactory"
224-->[com.google.android.datatransport:transport-backend-cct:2.3.0] AndroidManifest.xml:33:17-94
225                android:value="cct" />
225-->[com.google.android.datatransport:transport-backend-cct:2.3.0] AndroidManifest.xml:34:17-36
226        </service>
227        <service
227-->[com.google.android.datatransport:transport-runtime:2.2.3] AndroidManifest.xml:26:9-30:19
228            android:name="com.google.android.datatransport.runtime.scheduling.jobscheduling.JobInfoSchedulerService"
228-->[com.google.android.datatransport:transport-runtime:2.2.3] AndroidManifest.xml:27:13-117
229            android:exported="false"
229-->[com.google.android.datatransport:transport-runtime:2.2.3] AndroidManifest.xml:28:13-37
230            android:permission="android.permission.BIND_JOB_SERVICE" >
230-->[com.google.android.datatransport:transport-runtime:2.2.3] AndroidManifest.xml:29:13-69
231        </service>
232
233        <receiver
233-->[com.google.android.datatransport:transport-runtime:2.2.3] AndroidManifest.xml:32:9-34:40
234            android:name="com.google.android.datatransport.runtime.scheduling.jobscheduling.AlarmManagerSchedulerBroadcastReceiver"
234-->[com.google.android.datatransport:transport-runtime:2.2.3] AndroidManifest.xml:33:13-132
235            android:exported="false" />
235-->[com.google.android.datatransport:transport-runtime:2.2.3] AndroidManifest.xml:34:13-37
236    </application>
237
238</manifest>